<?xml version="1.0" encoding="UTF-8"?>
<!-- Generated by org.testng.reporters.JUnitReportReporter -->
<testsuite skipped="0" hostname="sony-VAIO" name="in.airtel.scripts.PrepaidPaymentTest" tests="1" failures="0" timestamp="21 Mar 2019 03:53:59 GMT" time="30.296" errors="0">
  <testcase name="airtelPaymentBank" time="30.296" classname="in.airtel.scripts.PrepaidPaymentTest"/>
</testsuite> <!-- in.airtel.scripts.PrepaidPaymentTest -->
