<?xml version="1.0" encoding="UTF-8"?>
<!-- Generated by org.testng.reporters.JUnitReportReporter -->
<testsuite skipped="0" hostname="sony-VAIO" name="in.airtel.scripts.LoginTest" tests="2" failures="0" timestamp="21 Mar 2019 03:53:59 GMT" time="41.768" errors="0">
  <testcase name="validPrepaidLogin" time="20.438" classname="in.airtel.scripts.LoginTest"/>
  <testcase name="validPostpaidLogin" time="21.330" classname="in.airtel.scripts.LoginTest"/>
</testsuite> <!-- in.airtel.scripts.LoginTest -->
